<?xml version="1.0" encoding="UTF-8"?>
<coverage generated="1476448564">
  <project timestamp="1476448564">
    <package name="Ecfectus\Framework">
      <file name="/Users/leemason/ecfectus/framework/src/Application.php">
        <class name="Application" namespace="Ecfectus\Framework">
          <metrics complexity="10" methods="5" coveredmethods="4" conditionals="0" coveredconditionals="0" statements="29" coveredstatements="28" elements="34" coveredelements="32"/>
        </class>
        <line num="28" type="method" name="__construct" visibility="public" complexity="1" crap="1" count="11"/>
        <line num="30" type="stmt" count="11"/>
        <line num="31" type="stmt" count="11"/>
        <line num="33" type="stmt" count="11"/>
        <line num="35" type="stmt" count="11"/>
        <line num="38" type="stmt" count="11"/>
        <line num="40" type="stmt" count="11"/>
        <line num="42" type="stmt" count="11"/>
        <line num="43" type="stmt" count="11"/>
        <line num="46" type="stmt" count="11"/>
        <line num="47" type="stmt" count="11"/>
        <line num="50" type="stmt" count="11"/>
        <line num="52" type="stmt" count="11"/>
        <line num="54" type="stmt" count="11"/>
        <line num="56" type="method" name="resolve" visibility="public" complexity="4" crap="4" count="5"/>
        <line num="58" type="stmt" count="5"/>
        <line num="59" type="stmt" count="2"/>
        <line num="60" type="stmt" count="2"/>
        <line num="61" type="method" name="anonymous function" complexity="1" crap="1" count="2"/>
        <line num="62" type="stmt" count="2"/>
        <line num="63" type="stmt" count="2"/>
        <line num="66" type="stmt" count="5"/>
        <line num="67" type="stmt" count="5"/>
        <line num="72" type="stmt" count="2"/>
        <line num="80" type="method" name="hasBeenBootstrapped" visibility="public" complexity="1" crap="1" count="9"/>
        <line num="82" type="stmt" count="9"/>
        <line num="85" type="method" name="bootstrap" visibility="public" complexity="3" crap="3.01" count="9"/>
        <line num="87" type="stmt" count="9"/>
        <line num="88" type="stmt" count="0"/>
        <line num="91" type="stmt" count="9"/>
        <line num="93" type="stmt" count="9"/>
        <line num="95" type="stmt" count="9"/>
        <line num="97" type="stmt" count="9"/>
        <line num="98" type="stmt" count="9"/>
        <line num="101" type="stmt" count="9"/>
        <line num="103" type="stmt" count="9"/>
        <line num="104" type="stmt" count="9"/>
        <metrics loc="105" ncloc="86" classes="1" methods="5" coveredmethods="4" conditionals="0" coveredconditionals="0" statements="32" coveredstatements="31" elements="37" coveredelements="35"/>
      </file>
    </package>
    <package name="Ecfectus\Framework\Bootstrap\Events">
      <file name="/Users/leemason/ecfectus/framework/src/Bootstrap/Events/AfterBootstrap.php">
        <class name="AfterBootstrap" namespace="Ecfectus\Framework\Bootstrap\Events">
          <metrics complexity="0" methods="0" coveredmethods="0" conditionals="0" coveredconditionals="0" statements="0" coveredstatements="0" elements="0" coveredelements="0"/>
        </class>
        <metrics loc="14" ncloc="8" classes="1" methods="0" coveredmethods="0" conditionals="0" coveredconditionals="0" statements="0" coveredstatements="0" elements="0" coveredelements="0"/>
      </file>
      <file name="/Users/leemason/ecfectus/framework/src/Bootstrap/Events/BeforeBootstrap.php">
        <class name="BeforeBootstrap" namespace="Ecfectus\Framework\Bootstrap\Events">
          <metrics complexity="1" methods="1" coveredmethods="1" conditionals="0" coveredconditionals="0" statements="2" coveredstatements="2" elements="3" coveredelements="3"/>
        </class>
        <line num="20" type="method" name="__construct" visibility="public" complexity="1" crap="1" count="9"/>
        <line num="21" type="stmt" count="9"/>
        <line num="22" type="stmt" count="9"/>
        <metrics loc="23" ncloc="17" classes="1" methods="1" coveredmethods="1" conditionals="0" coveredconditionals="0" statements="2" coveredstatements="2" elements="3" coveredelements="3"/>
      </file>
    </package>
    <package name="Ecfectus\Framework\Config">
      <file name="/Users/leemason/ecfectus/framework/src/Config/ConfigServiceProvider.php">
        <class name="ConfigServiceProvider" namespace="Ecfectus\Framework\Config">
          <metrics complexity="4" methods="1" coveredmethods="1" conditionals="0" coveredconditionals="0" statements="7" coveredstatements="7" elements="8" coveredelements="8"/>
        </class>
        <line num="23" type="method" name="anonymous function" complexity="2" crap="2" count="10"/>
        <line num="25" type="stmt" count="10"/>
        <line num="26" type="stmt" count="10"/>
        <line num="27" type="stmt" count="10"/>
        <line num="28" type="stmt" count="10"/>
        <line num="29" type="stmt" count="10"/>
        <line num="32" type="stmt" count="10"/>
        <line num="34" type="stmt" count="10"/>
        <line num="35" type="stmt" count="10"/>
        <metrics loc="36" ncloc="30" classes="1" methods="1" coveredmethods="1" conditionals="0" coveredconditionals="0" statements="8" coveredstatements="8" elements="9" coveredelements="9"/>
      </file>
      <file name="/Users/leemason/ecfectus/framework/src/Config/Repository.php">
        <class name="Repository" namespace="Ecfectus\Framework\Config">
          <metrics complexity="0" methods="0" coveredmethods="0" conditionals="0" coveredconditionals="0" statements="0" coveredstatements="0" elements="0" coveredelements="0"/>
        </class>
        <metrics loc="11" ncloc="11" classes="1" methods="0" coveredmethods="0" conditionals="0" coveredconditionals="0" statements="0" coveredstatements="0" elements="0" coveredelements="0"/>
      </file>
    </package>
    <file name="/Users/leemason/ecfectus/framework/src/Config/RepositoryInterface.php">
      <metrics loc="17" ncloc="6" classes="0" methods="0" coveredmethods="0" conditionals="0" coveredconditionals="0" statements="0" coveredstatements="0" elements="0" coveredelements="0"/>
    </file>
    <package name="Ecfectus\Framework\Event">
      <file name="/Users/leemason/ecfectus/framework/src/Event/EventServiceProvider.php">
        <class name="EventServiceProvider" namespace="Ecfectus\Framework\Event">
          <metrics complexity="2" methods="2" coveredmethods="2" conditionals="0" coveredconditionals="0" statements="2" coveredstatements="2" elements="4" coveredelements="4"/>
        </class>
        <line num="23" type="method" name="register" visibility="public" complexity="1" crap="1" count="9"/>
        <line num="27" type="stmt" count="9"/>
        <line num="28" type="method" name="anonymous function" complexity="1" crap="1" count="9"/>
        <line num="30" type="stmt" count="9"/>
        <line num="32" type="stmt" count="9"/>
        <line num="33" type="stmt" count="9"/>
        <metrics loc="34" ncloc="28" classes="1" methods="2" coveredmethods="2" conditionals="0" coveredconditionals="0" statements="4" coveredstatements="4" elements="6" coveredelements="6"/>
      </file>
    </package>
    <package name="Ecfectus\Framework\Http">
      <file name="/Users/leemason/ecfectus/framework/src/Http/HttpServiceProvider.php">
        <class name="HttpServiceProvider" namespace="Ecfectus\Framework\Http">
          <metrics complexity="2" methods="2" coveredmethods="2" conditionals="0" coveredconditionals="0" statements="7" coveredstatements="7" elements="9" coveredelements="9"/>
        </class>
        <line num="24" type="method" name="register" visibility="public" complexity="1" crap="1" count="6"/>
        <line num="28" type="stmt" count="6"/>
        <line num="30" type="stmt" count="6"/>
        <line num="33" type="stmt" count="1"/>
        <line num="34" type="stmt" count="6"/>
        <line num="38" type="stmt" count="6"/>
        <line num="40" type="method" name="anonymous function" complexity="1" crap="1" count="6"/>
        <line num="41" type="stmt" count="5"/>
        <line num="42" type="stmt" count="6"/>
        <line num="43" type="stmt" count="6"/>
        <metrics loc="44" ncloc="38" classes="1" methods="2" coveredmethods="2" conditionals="0" coveredconditionals="0" statements="8" coveredstatements="8" elements="10" coveredelements="10"/>
      </file>
      <file name="/Users/leemason/ecfectus/framework/src/Http/Kernel.php">
        <class name="Kernel" namespace="Ecfectus\Framework\Http">
          <metrics complexity="14" methods="6" coveredmethods="4" conditionals="0" coveredconditionals="0" statements="41" coveredstatements="32" elements="47" coveredelements="36"/>
        </class>
        <line num="49" type="method" name="__construct" visibility="public" complexity="1" crap="1" count="6"/>
        <line num="51" type="stmt" count="6"/>
        <line num="52" type="stmt" count="6"/>
        <line num="57" type="method" name="handle" visibility="public" complexity="4" crap="5.02" count="5"/>
        <line num="60" type="stmt" count="5"/>
        <line num="62" type="stmt" count="5"/>
        <line num="64" type="stmt" count="5"/>
        <line num="66" type="stmt" count="5"/>
        <line num="68" type="stmt" count="5"/>
        <line num="72" type="stmt" count="5"/>
        <line num="74" type="stmt" count="3"/>
        <line num="76" type="stmt" count="3"/>
        <line num="78" type="stmt" count="2"/>
        <line num="79" type="stmt" count="2"/>
        <line num="80" type="stmt" count="0"/>
        <line num="81" type="stmt" count="0"/>
        <line num="82" type="stmt" count="0"/>
        <line num="85" type="stmt" count="5"/>
        <line num="87" type="stmt" count="5"/>
        <line num="89" type="stmt" count="0"/>
        <line num="91" type="stmt" count="0"/>
        <line num="92" type="stmt" count="0"/>
        <line num="93" type="stmt" count="0"/>
        <line num="94" type="stmt" count="0"/>
        <line num="98" type="method" name="createPipeline" visibility="private" complexity="2" crap="2" count="5"/>
        <line num="100" type="stmt" count="5"/>
        <line num="101" type="stmt" count="5"/>
        <line num="102" type="stmt" count="1"/>
        <line num="104" type="stmt" count="5"/>
        <line num="115" type="method" name="anonymous function" complexity="1" crap="1" count="3"/>
        <line num="116" type="stmt" count="3"/>
        <line num="117" type="stmt" count="3"/>
        <line num="118" type="stmt" count="3"/>
        <line num="119" type="stmt" count="3"/>
        <line num="122" type="method" name="convertResponseIfNeeded" visibility="private" complexity="4" crap="4" count="3"/>
        <line num="124" type="stmt" count="3"/>
        <line num="125" type="stmt" count="2"/>
        <line num="128" type="stmt" count="2"/>
        <line num="129" type="stmt" count="2"/>
        <line num="130" type="stmt" count="2"/>
        <line num="131" type="stmt" count="2"/>
        <line num="133" type="stmt" count="2"/>
        <line num="134" type="stmt" count="2"/>
        <line num="135" type="stmt" count="2"/>
        <line num="138" type="stmt" count="2"/>
        <line num="145" type="method" name="terminate" visibility="public" complexity="1" crap="2" count="0"/>
        <line num="148" type="stmt" count="0"/>
        <metrics loc="149" ncloc="113" classes="1" methods="6" coveredmethods="4" conditionals="0" coveredconditionals="0" statements="41" coveredstatements="32" elements="47" coveredelements="36"/>
      </file>
    </package>
    <file name="/Users/leemason/ecfectus/framework/src/Http/KernelInterface.php">
      <metrics loc="20" ncloc="14" classes="0" methods="0" coveredmethods="0" conditionals="0" coveredconditionals="0" statements="0" coveredstatements="0" elements="0" coveredelements="0"/>
    </file>
    <package name="Ecfectus\Framework\Pipeline">
      <file name="/Users/leemason/ecfectus/framework/src/Pipeline/PipelineServiceProvider.php">
        <class name="PipelineServiceProvider" namespace="Ecfectus\Framework\Pipeline">
          <metrics complexity="2" methods="1" coveredmethods="1" conditionals="0" coveredconditionals="0" statements="5" coveredstatements="5" elements="6" coveredelements="6"/>
        </class>
        <line num="29" type="method" name="register" visibility="public" complexity="1" crap="1" count="5"/>
        <line num="37" type="stmt" count="5"/>
        <line num="45" type="stmt" count="5"/>
        <line num="50" type="stmt" count="4"/>
        <line num="51" type="stmt" count="5"/>
        <line num="53" type="stmt" count="5"/>
        <line num="61" type="stmt" count="5"/>
        <line num="62" type="stmt" count="5"/>
        <metrics loc="62" ncloc="56" classes="1" methods="1" coveredmethods="1" conditionals="0" coveredconditionals="0" statements="7" coveredstatements="7" elements="8" coveredelements="8"/>
      </file>
    </package>
    <package name="Ecfectus\Framework\Router">
      <file name="/Users/leemason/ecfectus/framework/src/Router/RouterServiceProvider.php">
        <class name="RouterServiceProvider" namespace="Ecfectus\Framework\Router">
          <metrics complexity="2" methods="1" coveredmethods="1" conditionals="0" coveredconditionals="0" statements="2" coveredstatements="2" elements="3" coveredelements="3"/>
        </class>
        <line num="24" type="method" name="anonymous function" complexity="1" crap="1" count="5"/>
        <line num="26" type="stmt" count="5"/>
        <line num="28" type="stmt" count="5"/>
        <line num="29" type="stmt" count="5"/>
        <metrics loc="29" ncloc="23" classes="1" methods="1" coveredmethods="1" conditionals="0" coveredconditionals="0" statements="3" coveredstatements="3" elements="4" coveredelements="4"/>
      </file>
    </package>
    <metrics files="12" loc="544" ncloc="430" classes="10" methods="19" coveredmethods="16" conditionals="0" coveredconditionals="0" statements="105" coveredstatements="95" elements="124" coveredelements="111"/>
  </project>
</coverage>
