<?xml version="1.0" encoding="UTF-8"?>
<coverage generated="1480278608">
  <project timestamp="1480278608">
    <package name="Ecfectus\Framework">
      <file name="/Users/leemason/ecfectus/framework/src/Application.php">
        <class name="Application" namespace="Ecfectus\Framework">
          <metrics complexity="15" methods="8" coveredmethods="7" conditionals="0" coveredconditionals="0" statements="40" coveredstatements="37" elements="48" coveredelements="44"/>
        </class>
        <line num="39" type="method" name="getInstance" visibility="public" complexity="2" crap="6" count="0"/>
        <line num="41" type="stmt" count="0"/>
        <line num="42" type="stmt" count="0"/>
        <line num="44" type="stmt" count="0"/>
        <line num="53" type="method" name="setInstance" visibility="public" complexity="1" crap="1" count="17"/>
        <line num="55" type="stmt" count="17"/>
        <line num="58" type="method" name="__construct" visibility="public" complexity="1" crap="1" count="17"/>
        <line num="60" type="stmt" count="17"/>
        <line num="62" type="stmt" count="17"/>
        <line num="63" type="stmt" count="17"/>
        <line num="65" type="stmt" count="17"/>
        <line num="67" type="stmt" count="17"/>
        <line num="70" type="stmt" count="17"/>
        <line num="72" type="stmt" count="17"/>
        <line num="74" type="stmt" count="17"/>
        <line num="75" type="stmt" count="17"/>
        <line num="78" type="stmt" count="17"/>
        <line num="79" type="stmt" count="17"/>
        <line num="80" type="stmt" count="17"/>
        <line num="83" type="stmt" count="17"/>
        <line num="85" type="stmt" count="17"/>
        <line num="87" type="stmt" count="17"/>
        <line num="89" type="method" name="resolve" visibility="public" complexity="4" crap="4" count="11"/>
        <line num="91" type="stmt" count="11"/>
        <line num="92" type="stmt" count="2"/>
        <line num="93" type="stmt" count="2"/>
        <line num="94" type="method" name="anonymous function" complexity="1" crap="1" count="2"/>
        <line num="95" type="stmt" count="2"/>
        <line num="96" type="stmt" count="2"/>
        <line num="99" type="stmt" count="11"/>
        <line num="100" type="stmt" count="11"/>
        <line num="105" type="stmt" count="11"/>
        <line num="113" type="method" name="hasBeenBootstrapped" visibility="public" complexity="1" crap="1" count="15"/>
        <line num="115" type="stmt" count="15"/>
        <line num="118" type="method" name="bootstrap" visibility="public" complexity="3" crap="3" count="15"/>
        <line num="120" type="stmt" count="15"/>
        <line num="121" type="stmt" count="1"/>
        <line num="124" type="stmt" count="15"/>
        <line num="126" type="stmt" count="15"/>
        <line num="128" type="stmt" count="15"/>
        <line num="130" type="stmt" count="15"/>
        <line num="132" type="stmt" count="15"/>
        <line num="133" type="stmt" count="15"/>
        <line num="136" type="stmt" count="15"/>
        <line num="138" type="stmt" count="15"/>
        <line num="139" type="stmt" count="15"/>
        <line num="141" type="method" name="runBootstrappers" visibility="private" complexity="2" crap="2" count="15"/>
        <line num="143" type="stmt" count="15"/>
        <line num="144" type="stmt" count="15"/>
        <line num="145" type="stmt" count="15"/>
        <line num="147" type="stmt" count="15"/>
        <metrics loc="148" ncloc="118" classes="1" methods="8" coveredmethods="7" conditionals="0" coveredconditionals="0" statements="43" coveredstatements="40" elements="51" coveredelements="47"/>
      </file>
    </package>
    <package name="Ecfectus\Framework\Bootstrap\Events">
      <file name="/Users/leemason/ecfectus/framework/src/Bootstrap/Events/AfterBootstrap.php">
        <class name="AfterBootstrap" namespace="Ecfectus\Framework\Bootstrap\Events">
          <metrics complexity="0" methods="0" coveredmethods="0" conditionals="0" coveredconditionals="0" statements="0" coveredstatements="0" elements="0" coveredelements="0"/>
        </class>
        <metrics loc="14" ncloc="8" classes="1" methods="0" coveredmethods="0" conditionals="0" coveredconditionals="0" statements="0" coveredstatements="0" elements="0" coveredelements="0"/>
      </file>
      <file name="/Users/leemason/ecfectus/framework/src/Bootstrap/Events/BeforeBootstrap.php">
        <class name="BeforeBootstrap" namespace="Ecfectus\Framework\Bootstrap\Events">
          <metrics complexity="1" methods="1" coveredmethods="1" conditionals="0" coveredconditionals="0" statements="2" coveredstatements="2" elements="3" coveredelements="3"/>
        </class>
        <line num="20" type="method" name="__construct" visibility="public" complexity="1" crap="1" count="15"/>
        <line num="21" type="stmt" count="15"/>
        <line num="22" type="stmt" count="15"/>
        <metrics loc="23" ncloc="17" classes="1" methods="1" coveredmethods="1" conditionals="0" coveredconditionals="0" statements="2" coveredstatements="2" elements="3" coveredelements="3"/>
      </file>
    </package>
    <package name="Ecfectus\Framework\Bootstrap">
      <file name="/Users/leemason/ecfectus/framework/src/Bootstrap/LoadEnvValues.php">
        <class name="LoadEnvValues" namespace="Ecfectus\Framework\Bootstrap">
          <metrics complexity="6" methods="2" coveredmethods="0" conditionals="0" coveredconditionals="0" statements="11" coveredstatements="8" elements="13" coveredelements="8"/>
        </class>
        <line num="20" type="method" name="bootstrap" visibility="public" complexity="2" crap="2.15" count="15"/>
        <line num="23" type="stmt" count="15"/>
        <line num="24" type="stmt" count="0"/>
        <line num="27" type="stmt" count="15"/>
        <line num="29" type="method" name="getEnvFile" visibility="protected" complexity="4" crap="4.25" count="15"/>
        <line num="31" type="stmt" count="15"/>
        <line num="32" type="stmt" count="15"/>
        <line num="33" type="stmt" count="15"/>
        <line num="34" type="stmt" count="0"/>
        <line num="38" type="stmt" count="15"/>
        <line num="40" type="stmt" count="15"/>
        <line num="41" type="stmt" count="15"/>
        <line num="44" type="stmt" count="0"/>
        <metrics loc="46" ncloc="38" classes="1" methods="2" coveredmethods="0" conditionals="0" coveredconditionals="0" statements="11" coveredstatements="8" elements="13" coveredelements="8"/>
      </file>
    </package>
    <package name="Ecfectus\Framework\Cache">
      <file name="/Users/leemason/ecfectus/framework/src/Cache/CacheServiceProvider.php">
        <class name="CacheServiceProvider" namespace="Ecfectus\Framework\Cache">
          <metrics complexity="3" methods="2" coveredmethods="1" conditionals="0" coveredconditionals="0" statements="5" coveredstatements="1" elements="7" coveredelements="2"/>
        </class>
        <line num="30" type="method" name="register" visibility="public" complexity="1" crap="2" count="0"/>
        <line num="34" type="stmt" count="0"/>
        <line num="38" type="stmt" count="0"/>
        <line num="42" type="stmt" count="0"/>
        <line num="43" type="stmt" count="0"/>
        <line num="47" type="method" name="anonymous function" complexity="1" crap="1" count="15"/>
        <line num="49" type="stmt" count="15"/>
        <line num="50" type="stmt" count="15"/>
        <metrics loc="51" ncloc="45" classes="1" methods="2" coveredmethods="1" conditionals="0" coveredconditionals="0" statements="6" coveredstatements="2" elements="8" coveredelements="3"/>
      </file>
    </package>
    <package name="Ecfectus\Framework\Config">
      <file name="/Users/leemason/ecfectus/framework/src/Config/ConfigServiceProvider.php">
        <class name="ConfigServiceProvider" namespace="Ecfectus\Framework\Config">
          <metrics complexity="4" methods="1" coveredmethods="1" conditionals="0" coveredconditionals="0" statements="7" coveredstatements="7" elements="8" coveredelements="8"/>
        </class>
        <line num="23" type="method" name="anonymous function" complexity="2" crap="2" count="16"/>
        <line num="25" type="stmt" count="16"/>
        <line num="26" type="stmt" count="16"/>
        <line num="27" type="stmt" count="16"/>
        <line num="28" type="stmt" count="16"/>
        <line num="29" type="stmt" count="16"/>
        <line num="32" type="stmt" count="16"/>
        <line num="34" type="stmt" count="16"/>
        <line num="35" type="stmt" count="16"/>
        <metrics loc="36" ncloc="30" classes="1" methods="1" coveredmethods="1" conditionals="0" coveredconditionals="0" statements="8" coveredstatements="8" elements="9" coveredelements="9"/>
      </file>
      <file name="/Users/leemason/ecfectus/framework/src/Config/Repository.php">
        <class name="Repository" namespace="Ecfectus\Framework\Config">
          <metrics complexity="0" methods="0" coveredmethods="0" conditionals="0" coveredconditionals="0" statements="0" coveredstatements="0" elements="0" coveredelements="0"/>
        </class>
        <metrics loc="11" ncloc="11" classes="1" methods="0" coveredmethods="0" conditionals="0" coveredconditionals="0" statements="0" coveredstatements="0" elements="0" coveredelements="0"/>
      </file>
    </package>
    <file name="/Users/leemason/ecfectus/framework/src/Config/RepositoryInterface.php">
      <metrics loc="17" ncloc="6" classes="0" methods="0" coveredmethods="0" conditionals="0" coveredconditionals="0" statements="0" coveredstatements="0" elements="0" coveredelements="0"/>
    </file>
    <package name="Ecfectus\Framework\Event">
      <file name="/Users/leemason/ecfectus/framework/src/Event/EventServiceProvider.php">
        <class name="EventServiceProvider" namespace="Ecfectus\Framework\Event">
          <metrics complexity="2" methods="2" coveredmethods="2" conditionals="0" coveredconditionals="0" statements="2" coveredstatements="2" elements="4" coveredelements="4"/>
        </class>
        <line num="23" type="method" name="register" visibility="public" complexity="1" crap="1" count="15"/>
        <line num="27" type="stmt" count="15"/>
        <line num="28" type="method" name="anonymous function" complexity="1" crap="1" count="15"/>
        <line num="30" type="stmt" count="15"/>
        <line num="32" type="stmt" count="15"/>
        <line num="33" type="stmt" count="15"/>
        <metrics loc="34" ncloc="28" classes="1" methods="2" coveredmethods="2" conditionals="0" coveredconditionals="0" statements="4" coveredstatements="4" elements="6" coveredelements="6"/>
      </file>
    </package>
    <file name="/Users/leemason/ecfectus/framework/src/Helpers/helpers.php">
      <line num="5" type="stmt" count="15"/>
      <line num="6" type="stmt" count="15"/>
      <line num="7" type="stmt" count="15"/>
      <line num="9" type="stmt" count="1"/>
      <line num="10" type="stmt" count="1"/>
      <line num="11" type="stmt" count="1"/>
      <line num="12" type="stmt" count="0"/>
      <line num="13" type="stmt" count="1"/>
      <line num="14" type="stmt" count="1"/>
      <line num="15" type="stmt" count="0"/>
      <line num="16" type="stmt" count="1"/>
      <line num="17" type="stmt" count="1"/>
      <line num="18" type="stmt" count="0"/>
      <line num="19" type="stmt" count="1"/>
      <line num="20" type="stmt" count="1"/>
      <line num="21" type="stmt" count="0"/>
      <line num="24" type="stmt" count="1"/>
      <metrics loc="61" ncloc="42" classes="0" methods="0" coveredmethods="0" conditionals="0" coveredconditionals="0" statements="17" coveredstatements="13" elements="17" coveredelements="13"/>
    </file>
    <package name="Ecfectus\Framework\Http\Events">
      <file name="/Users/leemason/ecfectus/framework/src/Http/Events/RouteMatched.php">
        <class name="RouteMatched" namespace="Ecfectus\Framework\Http\Events">
          <metrics complexity="1" methods="1" coveredmethods="1" conditionals="0" coveredconditionals="0" statements="2" coveredstatements="2" elements="3" coveredelements="3"/>
        </class>
        <line num="20" type="method" name="__construct" visibility="public" complexity="1" crap="1" count="7"/>
        <line num="22" type="stmt" count="7"/>
        <line num="23" type="stmt" count="7"/>
        <metrics loc="24" ncloc="18" classes="1" methods="1" coveredmethods="1" conditionals="0" coveredconditionals="0" statements="2" coveredstatements="2" elements="3" coveredelements="3"/>
      </file>
      <file name="/Users/leemason/ecfectus/framework/src/Http/Events/RouteMethodNotAllowed.php">
        <class name="RouteMethodNotAllowed" namespace="Ecfectus\Framework\Http\Events">
          <metrics complexity="1" methods="1" coveredmethods="1" conditionals="0" coveredconditionals="0" statements="2" coveredstatements="2" elements="3" coveredelements="3"/>
        </class>
        <line num="19" type="method" name="__construct" visibility="public" complexity="1" crap="1" count="1"/>
        <line num="21" type="stmt" count="1"/>
        <line num="22" type="stmt" count="1"/>
        <metrics loc="23" ncloc="17" classes="1" methods="1" coveredmethods="1" conditionals="0" coveredconditionals="0" statements="2" coveredstatements="2" elements="3" coveredelements="3"/>
      </file>
      <file name="/Users/leemason/ecfectus/framework/src/Http/Events/RouteNotFound.php">
        <class name="RouteNotFound" namespace="Ecfectus\Framework\Http\Events">
          <metrics complexity="1" methods="1" coveredmethods="1" conditionals="0" coveredconditionals="0" statements="1" coveredstatements="1" elements="2" coveredelements="2"/>
        </class>
        <line num="17" type="method" name="__construct" visibility="public" complexity="1" crap="1" count="3"/>
        <line num="20" type="stmt" count="3"/>
        <metrics loc="21" ncloc="15" classes="1" methods="1" coveredmethods="1" conditionals="0" coveredconditionals="0" statements="1" coveredstatements="1" elements="2" coveredelements="2"/>
      </file>
      <file name="/Users/leemason/ecfectus/framework/src/Http/Events/Terminate.php">
        <class name="Terminate" namespace="Ecfectus\Framework\Http\Events">
          <metrics complexity="1" methods="1" coveredmethods="0" conditionals="0" coveredconditionals="0" statements="4" coveredstatements="0" elements="5" coveredelements="0"/>
        </class>
        <line num="23" type="method" name="__construct" visibility="public" complexity="1" crap="2" count="0"/>
        <line num="24" type="stmt" count="0"/>
        <line num="25" type="stmt" count="0"/>
        <line num="26" type="stmt" count="0"/>
        <line num="27" type="stmt" count="0"/>
        <metrics loc="27" ncloc="21" classes="1" methods="1" coveredmethods="0" conditionals="0" coveredconditionals="0" statements="4" coveredstatements="0" elements="5" coveredelements="0"/>
      </file>
    </package>
    <package name="Ecfectus\Framework\Http">
      <file name="/Users/leemason/ecfectus/framework/src/Http/HttpServiceProvider.php">
        <class name="HttpServiceProvider" namespace="Ecfectus\Framework\Http">
          <metrics complexity="3" methods="3" coveredmethods="3" conditionals="0" coveredconditionals="0" statements="4" coveredstatements="4" elements="7" coveredelements="7"/>
        </class>
        <line num="28" type="method" name="register" visibility="public" complexity="1" crap="1" count="11"/>
        <line num="32" type="stmt" count="11"/>
        <line num="34" type="stmt" count="11"/>
        <line num="36" type="method" name="anonymous function" complexity="1" crap="1" count="11"/>
        <line num="38" type="stmt" count="11"/>
        <line num="39" type="stmt" count="11"/>
        <line num="41" type="method" name="boot" visibility="public" complexity="1" crap="1" count="15"/>
        <line num="44" type="stmt" count="15"/>
        <metrics loc="45" ncloc="39" classes="1" methods="3" coveredmethods="3" conditionals="0" coveredconditionals="0" statements="5" coveredstatements="5" elements="8" coveredelements="8"/>
      </file>
      <file name="/Users/leemason/ecfectus/framework/src/Http/Kernel.php">
        <class name="Kernel" namespace="Ecfectus\Framework\Http">
          <metrics complexity="18" methods="7" coveredmethods="5" conditionals="0" coveredconditionals="0" statements="51" coveredstatements="46" elements="58" coveredelements="51"/>
        </class>
        <line num="74" type="method" name="__construct" visibility="public" complexity="1" crap="1" count="11"/>
        <line num="76" type="stmt" count="11"/>
        <line num="77" type="stmt" count="11"/>
        <line num="78" type="stmt" count="11"/>
        <line num="79" type="stmt" count="11"/>
        <line num="84" type="method" name="handle" visibility="public" complexity="4" crap="4" count="10"/>
        <line num="87" type="stmt" count="10"/>
        <line num="89" type="stmt" count="10"/>
        <line num="91" type="stmt" count="10"/>
        <line num="93" type="stmt" count="10"/>
        <line num="97" type="stmt" count="10"/>
        <line num="99" type="stmt" count="7"/>
        <line num="101" type="stmt" count="4"/>
        <line num="102" type="stmt" count="3"/>
        <line num="104" type="stmt" count="3"/>
        <line num="105" type="stmt" count="3"/>
        <line num="106" type="stmt" count="1"/>
        <line num="107" type="stmt" count="1"/>
        <line num="110" type="stmt" count="1"/>
        <line num="111" type="stmt" count="1"/>
        <line num="112" type="stmt" count="1"/>
        <line num="113" type="stmt" count="1"/>
        <line num="116" type="stmt" count="10"/>
        <line num="118" type="stmt" count="9"/>
        <line num="120" type="stmt" count="1"/>
        <line num="122" type="stmt" count="1"/>
        <line num="123" type="stmt" count="1"/>
        <line num="124" type="stmt" count="1"/>
        <line num="125" type="stmt" count="1"/>
        <line num="129" type="method" name="createPipeline" visibility="private" complexity="2" crap="2" count="10"/>
        <line num="131" type="stmt" count="10"/>
        <line num="132" type="stmt" count="10"/>
        <line num="133" type="stmt" count="10"/>
        <line num="135" type="stmt" count="10"/>
        <line num="146" type="method" name="anonymous function" complexity="1" crap="1" count="7"/>
        <line num="147" type="stmt" count="7"/>
        <line num="148" type="stmt" count="7"/>
        <line num="149" type="stmt" count="7"/>
        <line num="155" type="method" name="terminate" visibility="public" complexity="1" crap="2" count="0"/>
        <line num="157" type="stmt" count="0"/>
        <line num="158" type="stmt" count="0"/>
        <line num="165" type="method" name="matchRoute" visibility="private" complexity="2" crap="2" count="10"/>
        <line num="167" type="stmt" count="10"/>
        <line num="169" type="stmt" count="7"/>
        <line num="172" type="stmt" count="7"/>
        <line num="173" type="stmt" count="3"/>
        <line num="177" type="stmt" count="7"/>
        <line num="179" type="stmt" count="7"/>
        <line num="186" type="method" name="pushToPipeline" visibility="private" complexity="6" crap="7.33" count="3"/>
        <line num="189" type="stmt" count="3"/>
        <line num="190" type="stmt" count="0"/>
        <line num="191" type="stmt" count="0"/>
        <line num="193" type="stmt" count="0"/>
        <line num="197" type="stmt" count="3"/>
        <line num="198" type="stmt" count="3"/>
        <line num="199" type="stmt" count="3"/>
        <line num="203" type="stmt" count="1"/>
        <line num="204" type="stmt" count="1"/>
        <metrics loc="205" ncloc="139" classes="1" methods="7" coveredmethods="5" conditionals="0" coveredconditionals="0" statements="51" coveredstatements="46" elements="58" coveredelements="51"/>
      </file>
    </package>
    <file name="/Users/leemason/ecfectus/framework/src/Http/KernelInterface.php">
      <metrics loc="20" ncloc="14" classes="0" methods="0" coveredmethods="0" conditionals="0" coveredconditionals="0" statements="0" coveredstatements="0" elements="0" coveredelements="0"/>
    </file>
    <package name="Ecfectus\Framework\Http\Middleware">
      <file name="/Users/leemason/ecfectus/framework/src/Http/Middleware/ResponseConverter.php">
        <class name="ResponseConverter" namespace="Ecfectus\Framework\Http\Middleware">
          <metrics complexity="4" methods="1" coveredmethods="1" conditionals="0" coveredconditionals="0" statements="14" coveredstatements="14" elements="15" coveredelements="15"/>
        </class>
        <line num="17" type="method" name="__invoke" visibility="public" complexity="4" crap="4" count="10"/>
        <line num="19" type="stmt" count="10"/>
        <line num="21" type="stmt" count="9"/>
        <line num="22" type="stmt" count="5"/>
        <line num="25" type="stmt" count="5"/>
        <line num="26" type="stmt" count="5"/>
        <line num="27" type="stmt" count="5"/>
        <line num="28" type="stmt" count="2"/>
        <line num="29" type="stmt" count="2"/>
        <line num="30" type="stmt" count="2"/>
        <line num="31" type="stmt" count="2"/>
        <line num="32" type="stmt" count="2"/>
        <line num="35" type="stmt" count="5"/>
        <line num="36" type="stmt" count="5"/>
        <line num="37" type="stmt" count="5"/>
        <metrics loc="39" ncloc="33" classes="1" methods="1" coveredmethods="1" conditionals="0" coveredconditionals="0" statements="14" coveredstatements="14" elements="15" coveredelements="15"/>
      </file>
    </package>
    <package name="Ecfectus\Framework\Pipeline">
      <file name="/Users/leemason/ecfectus/framework/src/Pipeline/PipelineServiceProvider.php">
        <class name="PipelineServiceProvider" namespace="Ecfectus\Framework\Pipeline">
          <metrics complexity="2" methods="1" coveredmethods="1" conditionals="0" coveredconditionals="0" statements="5" coveredstatements="5" elements="6" coveredelements="6"/>
        </class>
        <line num="29" type="method" name="register" visibility="public" complexity="1" crap="1" count="10"/>
        <line num="34" type="stmt" count="10"/>
        <line num="35" type="stmt" count="10"/>
        <line num="37" type="stmt" count="10"/>
        <line num="45" type="stmt" count="10"/>
        <line num="53" type="stmt" count="10"/>
        <line num="61" type="stmt" count="10"/>
        <line num="62" type="stmt" count="10"/>
        <metrics loc="62" ncloc="56" classes="1" methods="1" coveredmethods="1" conditionals="0" coveredconditionals="0" statements="7" coveredstatements="7" elements="8" coveredelements="8"/>
      </file>
    </package>
    <package name="Ecfectus\Framework\Router">
      <file name="/Users/leemason/ecfectus/framework/src/Router/RouterServiceProvider.php">
        <class name="RouterServiceProvider" namespace="Ecfectus\Framework\Router">
          <metrics complexity="2" methods="1" coveredmethods="1" conditionals="0" coveredconditionals="0" statements="2" coveredstatements="2" elements="3" coveredelements="3"/>
        </class>
        <line num="23" type="method" name="anonymous function" complexity="1" crap="1" count="11"/>
        <line num="25" type="stmt" count="11"/>
        <line num="27" type="stmt" count="11"/>
        <line num="28" type="stmt" count="11"/>
        <metrics loc="28" ncloc="22" classes="1" methods="1" coveredmethods="1" conditionals="0" coveredconditionals="0" statements="3" coveredstatements="3" elements="4" coveredelements="4"/>
      </file>
    </package>
    <package name="Ecfectus\Framework\Session\Http\Middleware">
      <file name="/Users/leemason/ecfectus/framework/src/Session/Http/Middleware/StartSessionMiddleware.php">
        <class name="StartSessionMiddleware" namespace="Ecfectus\Framework\Session\Http\Middleware">
          <metrics complexity="2" methods="2" coveredmethods="2" conditionals="0" coveredconditionals="0" statements="5" coveredstatements="5" elements="7" coveredelements="7"/>
        </class>
        <line num="19" type="method" name="__construct" visibility="public" complexity="1" crap="1" count="3"/>
        <line num="21" type="stmt" count="3"/>
        <line num="22" type="stmt" count="3"/>
        <line num="24" type="method" name="__invoke" visibility="public" complexity="1" crap="1" count="3"/>
        <line num="26" type="stmt" count="3"/>
        <line num="27" type="stmt" count="3"/>
        <line num="28" type="stmt" count="3"/>
        <metrics loc="30" ncloc="24" classes="1" methods="2" coveredmethods="2" conditionals="0" coveredconditionals="0" statements="5" coveredstatements="5" elements="7" coveredelements="7"/>
      </file>
    </package>
    <package name="Ecfectus\Framework\Session">
      <file name="/Users/leemason/ecfectus/framework/src/Session/SessionServiceProvider.php">
        <class name="SessionServiceProvider" namespace="Ecfectus\Framework\Session">
          <metrics complexity="3" methods="2" coveredmethods="2" conditionals="0" coveredconditionals="0" statements="8" coveredstatements="8" elements="10" coveredelements="10"/>
        </class>
        <line num="33" type="method" name="register" visibility="public" complexity="1" crap="1" count="3"/>
        <line num="36" type="stmt" count="3"/>
        <line num="37" type="stmt" count="3"/>
        <line num="41" type="stmt" count="3"/>
        <line num="45" type="stmt" count="3"/>
        <line num="48" type="stmt" count="3"/>
        <line num="49" type="stmt" count="3"/>
        <line num="50" type="stmt" count="3"/>
        <line num="54" type="method" name="anonymous function" complexity="1" crap="1" count="15"/>
        <line num="56" type="stmt" count="15"/>
        <line num="57" type="stmt" count="15"/>
        <metrics loc="58" ncloc="52" classes="1" methods="2" coveredmethods="2" conditionals="0" coveredconditionals="0" statements="9" coveredstatements="9" elements="11" coveredelements="11"/>
      </file>
    </package>
    <metrics files="22" loc="1023" ncloc="793" classes="19" methods="37" coveredmethods="30" conditionals="0" coveredconditionals="0" statements="194" coveredstatements="171" elements="231" coveredelements="201"/>
  </project>
</coverage>
